<?xml version="1.0" encoding="UTF-8"?>
<testsuite name="numbersToWordsTest" tests="1" skipped="0" failures="0" errors="0" timestamp="2016-04-19T21:10:02" hostname="epicodus-62.local" time="0.0">
  <properties/>
  <testcase name="inputSingleInterger_returnWord" classname="numbersToWordsTest" time="0.0"/>
  <system-out><![CDATA[]]></system-out>
  <system-err><![CDATA[]]></system-err>
</testsuite>
